                          CONFORMAL (R)
                   Version 20.10-p100 (01-May-2020) (64 bit executable)
   Copyright (c) Cadence Design Systems, Inc., 1997-2019. All Rights Reserved


This program is proprietary and confidential information belonging to
Cadence Design Systems, Inc., and may be used and disclosed only as authorized
in a license agreement controlling such use and disclosure.

// Warning: This version is 1990 days old. You can download the latest version from http://downloads.cadence.com.

0
// Command: read_library slow.lib -liberty -both
// Parsing file slow.lib ...
// Warning: (RTL9.17) Cell doesn't have any output pins or all output pins are undriven (blackboxed) (occurrence:1)
// Note: (RTL9.26) Liberty pin with internal_node use default input_map (occurrence:16)
// Note: Read Liberty library successfully
0
CPU time     : 0.63    seconds
Elapse time  : 1       seconds
Memory usage : 275.12  M bytes
// Command: read_design alarm_mt251.v -verilog -golden
// Parsing file alarm_mt251.v ...
// Golden root module is set to 'alarm_mt251'
// Warning: (RTL1.5a) Assignment with RHS bit width is greater than LHS bit width (occurrence:4)
// Warning: (RTL1.5b) Potential loss of RHS msb or carry-out bit (occurrence:8)
// Warning: (RTL7.10a) Comparison with different data sizes (occurrence:1)
// Note: (RTL8.1) Multiple multipliers/dividers are in module/entity (occurrence:1)
// Warning: (RTL14.1) Fanout load of the signal is removed (occurrence:2)
// Warning: (DIR6.1) Ignored compiler directive is detected (occurrence:1)
// Note: Read VERILOG design successfully
0
// Command: read_design synthesised_netlist.v -verilog -revised
// Parsing file synthesised_netlist.v ...
// Revised root module is set to 'alarm_mt251'
// Warning: (RTL2.5) Net is referenced without an assignment. Design verification will be based on set_undriven_signal setting (occurrence:29)
// Warning: (RTL2.13) Undriven pin is detected (occurrence:13)
// Warning: (RTL14) Signal has input but it has no output (occurrence:14)
// Warning: (HRC3.10a) An input port is declared, but it is not completely used in the module (occurrence:29)
// Warning: There are 13 undriven nets in Revised
// Warning: There are 13 undriven pins in Revised
// Note: Read VERILOG design successfully
0
// Command: set_system_mode lec
// Processing Golden ...
// Modeling Golden ...
// Processing Revised ...
// Modeling Revised ...
// (F28) Converted 13 internal output port(s) to inout port(s)
CPU time     : 0.91    seconds
Elapse time  : 1       seconds
Memory usage : 314.45  M bytes
// Mapping key points ...
================================================================================
Mapped points: SYSTEM class
--------------------------------------------------------------------------------
Mapped points     PI     PO     DFF       Total   
--------------------------------------------------------------------------------
Golden            20     17     112       149     
--------------------------------------------------------------------------------
Revised           20     17     112       149     
================================================================================
0
// Command: add_compared_points -all
// 129 compared points added to compare list
0
// Command: compare
================================================================================
Compared points      PO     DFF       Total   
--------------------------------------------------------------------------------
Equivalent           17     112       129     
================================================================================
0
CPU time     : 1.08    seconds
Elapse time  : 1       seconds
Memory usage : 342.01  M bytes
// Command: report_messages -compare -verb
0
// Command: report_compare_data -noneq
0 Non-equivalent point(s) reported
0 compared point(s) reported
================================================================================
Compared points      PO     DFF       Total   
--------------------------------------------------------------------------------
Equivalent           17     112       129     
================================================================================
0
// Command: report_verification
================================================================================
                            Verification Report
--------------------------------------------------------------------------------
Category                                                                  Count
--------------------------------------------------------------------------------
1. Non-standard modeling options used:                                      0
--------------------------------------------------------------------------------
2. Incomplete verification:                                                 0
--------------------------------------------------------------------------------
3. User modification to design:                                             0
--------------------------------------------------------------------------------
4. Conformal Constraint Designer clock domain crossing checks recommended:  0
--------------------------------------------------------------------------------
5. Design ambiguity:                                                        0
--------------------------------------------------------------------------------
6. Compare Results:                                                        PASS
================================================================================
pass
// Command: write_compared_points -replace logical_eq_check/lec_compared_points
0
// Command: write_mapped_points   -replace logical_eq_check/lec_mapped_points
0
// Command: set_verification_information logical_eq_check
// Verification information is set to /home/prashant25134/Desktop/LEC/besttiming/logical_eq_check.
// Advanced reporting is enabled and the output is written to /home/prashant25134/Desktop/LEC/besttiming/logical_eq_check
0
// Command: write_verification_information
// Verification information is written to logical_eq_check.
0
