Cadence Genus(TM) Synthesis Solution.
Copyright 2020 Cadence Design Systems, Inc. All rights reserved worldwide.
Cadence and the Cadence logo are registered trademarks and Genus is a trademark
of Cadence Design Systems, Inc. in the United States and other countries.

Version: 19.13-s073_1, built Fri Mar 20 01:36:16 PDT 2020
Options: -legacy_ui 
Date:    Mon Oct 13 22:06:23 2025
Host:    edatools-server2.iiitd.edu.in (x86_64 w/Linux 2.6.32-754.35.1.el6.x86_64) (18cores*72cpus*2physical cpus*Intel(R) Xeon(R) Gold 6354 CPU @ 3.00GHz 39936KB) (528955884KB)
PID:     13256
OS:      Red Hat Enterprise Linux Server release 6.10 (Santiago)

Checking out license: Genus_Synthesis

Loading tool scripts...

Finished loading tool scripts (4 seconds elapsed).

WARNING: This version of the tool is 2033 days old.
legacy_genus:/> source besttiming.tcl
Sourcing './besttiming.tcl' (Mon Oct 13 22:06:38 IST 2025)...
  Setting attribute of root '/': 'lib_search_path' = .
Warning : This attribute will be obsolete in a next major release. [TUI-32]
        : attribute: 'hdl_search_path', object type: 'root'
        : Attribute 'hdl_search_path' is going to be obsoleted, use the new attribute 'init_hdl_search_path'.
  Setting attribute of root '/': 'hdl_search_path' = .
WARNING: RcShMem: shm create failed on main errno=28
WARNING: RcShMem not available. Only process local CPU control for multi threading. No control between different super thread server processes

Threads Configured:3

  Message Summary for Library slow.lib:
  *************************************
  Missing a function attribute in the output pin definition. [LBR-518]: 1
  Missing library level attribute. [LBR-516]: 1
  *************************************
 
Info    : Created nominal operating condition. [LBR-412]
        : Operating condition '_nominal_' was created for the PVT values (1.000000, 0.900000, 125.000000) in library 'slow.lib'.
        : The nominal operating condition is represented, either by the nominal PVT values specified in the library source (via nom_process,nom_voltage and nom_temperature respectively), or by the default PVT values (1.0,1.0,1.0).
  Setting attribute of root '/': 'library' = slow.lib
Warning : Detected both combinational and sequential timing arcs in a library cell. This might prevent the tool from using this cell for technology mapping. The tool will treat it as unusable. [LBR-76]
        : The arc 'CK_E_Ha0' between pins 'CK' and 'E' in libcell 'TLATNCAX12' is a sequential timing arc.
        : The library cell will be treated as a timing-model. Make sure that the timing arcs and output function are defined correctly. Even if the cell intends to have dual-functionality, it cannot be unmapped or automatically inferred.
Warning : Detected both combinational and sequential timing arcs in a library cell. This might prevent the tool from using this cell for technology mapping. The tool will treat it as unusable. [LBR-76]
        : The arc 'CK_E_Ha0' between pins 'CK' and 'E' in libcell 'TLATNCAX16' is a sequential timing arc.
Warning : Detected both combinational and sequential timing arcs in a library cell. This might prevent the tool from using this cell for technology mapping. The tool will treat it as unusable. [LBR-76]
        : The arc 'CK_E_Ha0' between pins 'CK' and 'E' in libcell 'TLATNCAX2' is a sequential timing arc.
Warning : Detected both combinational and sequential timing arcs in a library cell. This might prevent the tool from using this cell for technology mapping. The tool will treat it as unusable. [LBR-76]
        : The arc 'CK_E_Ha0' between pins 'CK' and 'E' in libcell 'TLATNCAX20' is a sequential timing arc.
Warning : Detected both combinational and sequential timing arcs in a library cell. This might prevent the tool from using this cell for technology mapping. The tool will treat it as unusable. [LBR-76]
        : The arc 'CK_E_Ha0' between pins 'CK' and 'E' in libcell 'TLATNCAX3' is a sequential timing arc.
Warning : Detected both combinational and sequential timing arcs in a library cell. This might prevent the tool from using this cell for technology mapping. The tool will treat it as unusable. [LBR-76]
        : The arc 'CK_E_Ha0' between pins 'CK' and 'E' in libcell 'TLATNCAX4' is a sequential timing arc.
Warning : Detected both combinational and sequential timing arcs in a library cell. This might prevent the tool from using this cell for technology mapping. The tool will treat it as unusable. [LBR-76]
        : The arc 'CK_E_Ha0' between pins 'CK' and 'E' in libcell 'TLATNCAX6' is a sequential timing arc.
Warning : Detected both combinational and sequential timing arcs in a library cell. This might prevent the tool from using this cell for technology mapping. The tool will treat it as unusable. [LBR-76]
        : The arc 'CK_E_Ha0' between pins 'CK' and 'E' in libcell 'TLATNCAX8' is a sequential timing arc.
Warning : Detected both combinational and sequential timing arcs in a library cell. This might prevent the tool from using this cell for technology mapping. The tool will treat it as unusable. [LBR-76]
        : The arc 'CK_SE_Ha3' between pins 'CK' and 'SE' in libcell 'TLATNTSCAX12' is a sequential timing arc.
Warning : Detected both combinational and sequential timing arcs in a library cell. This might prevent the tool from using this cell for technology mapping. The tool will treat it as unusable. [LBR-76]
        : The arc 'CK_SE_Ha3' between pins 'CK' and 'SE' in libcell 'TLATNTSCAX16' is a sequential timing arc.
Warning : Detected both combinational and sequential timing arcs in a library cell. This might prevent the tool from using this cell for technology mapping. The tool will treat it as unusable. [LBR-76]
        : The arc 'CK_SE_Ha3' between pins 'CK' and 'SE' in libcell 'TLATNTSCAX2' is a sequential timing arc.
Warning : Detected both combinational and sequential timing arcs in a library cell. This might prevent the tool from using this cell for technology mapping. The tool will treat it as unusable. [LBR-76]
        : The arc 'CK_SE_Ha3' between pins 'CK' and 'SE' in libcell 'TLATNTSCAX20' is a sequential timing arc.
Warning : Detected both combinational and sequential timing arcs in a library cell. This might prevent the tool from using this cell for technology mapping. The tool will treat it as unusable. [LBR-76]
        : The arc 'CK_SE_Ha3' between pins 'CK' and 'SE' in libcell 'TLATNTSCAX3' is a sequential timing arc.
Warning : Detected both combinational and sequential timing arcs in a library cell. This might prevent the tool from using this cell for technology mapping. The tool will treat it as unusable. [LBR-76]
        : The arc 'CK_SE_Ha3' between pins 'CK' and 'SE' in libcell 'TLATNTSCAX4' is a sequential timing arc.
Warning : Detected both combinational and sequential timing arcs in a library cell. This might prevent the tool from using this cell for technology mapping. The tool will treat it as unusable. [LBR-76]
        : The arc 'CK_SE_Ha3' between pins 'CK' and 'SE' in libcell 'TLATNTSCAX6' is a sequential timing arc.
Warning : Detected both combinational and sequential timing arcs in a library cell. This might prevent the tool from using this cell for technology mapping. The tool will treat it as unusable. [LBR-76]
        : The arc 'CK_SE_Ha3' between pins 'CK' and 'SE' in libcell 'TLATNTSCAX8' is a sequential timing arc.
  Library has 324 usable logic and 128 usable sequential lib-cells.
Info    : Elaborating Design. [ELAB-1]
        : Elaborating top-level block 'alarm_mt251' from file 'synthesised_netlist.v'.
Warning : Undriven module output port. [ELABUTL-123]
        : Undriven bits of output port 'QUOTIENT' in module 'divide_unsigned_79' in file 'synthesised_netlist.v' on line 9, column 24, hid = 0.
Warning : Undriven module output port. [ELABUTL-123]
        : Undriven bits of output port 'QUOTIENT' in module 'divide_unsigned_79_107' in file 'synthesised_netlist.v' on line 33, column 24, hid = 0.
Warning : Undriven module output port. [ELABUTL-123]
        : Undriven bits of output port 'Z' in module 'increment_unsigned_30' in file 'synthesised_netlist.v' on line 58, column 18, hid = 0.
Warning : Undriven module output port. [ELABUTL-123]
        : Undriven bits of output port 'REMAINDER' in module 'remainder_unsigned_73' in file 'synthesised_netlist.v' on line 120, column 25, hid = 0.
Warning : Undriven module output port. [ELABUTL-123]
        : Undriven bits of output port 'REMAINDER' in module 'remainder_unsigned_73_108' in file 'synthesised_netlist.v' on line 144, column 25, hid = 0.
Warning : Undriven module input port. [ELABUTL-127]
        : Undriven bits of port 'A' of instance 'div_32_38' of module 'divide_unsigned_79' in file 'synthesised_netlist.v' on line 248, column 28, hid = 0.
        : Run check_design to check 'Undriven Port(s)/Pin(s)' section for all undriven module input ports. It is better to double confirm with designer if these undriven ports are expected. During syn_gen the undriven ports are controlled by attribute 'hdl_unconnected_value', the default value is 0.
Warning : Undriven module input port. [ELABUTL-127]
        : Undriven bits of port 'B' of instance 'div_32_38' of module 'divide_unsigned_79' in file 'synthesised_netlist.v' on line 247, column 31, hid = 0.
Warning : Undriven module input port. [ELABUTL-127]
        : Undriven bits of port 'A' of instance 'div_33_38' of module 'divide_unsigned_79_107' in file 'synthesised_netlist.v' on line 253, column 29, hid = 0.
Warning : Undriven module input port. [ELABUTL-127]
        : Undriven bits of port 'B' of instance 'div_33_38' of module 'divide_unsigned_79_107' in file 'synthesised_netlist.v' on line 252, column 35, hid = 0.
Warning : Undriven module input port. [ELABUTL-127]
        : Undriven bits of port 'CI' of instance 'inc_add_79_30' of module 'increment_unsigned_30' in file 'synthesised_netlist.v' on line 257, column 38, hid = 0.
Warning : Undriven module input port. [ELABUTL-127]
        : Undriven bits of port 'A' of instance 'rem_34_38' of module 'remainder_unsigned_73' in file 'synthesised_netlist.v' on line 262, column 30, hid = 0.
Warning : Undriven module input port. [ELABUTL-127]
        : Undriven bits of port 'B' of instance 'rem_34_38' of module 'remainder_unsigned_73' in file 'synthesised_netlist.v' on line 261, column 34, hid = 0.
Warning : Undriven module input port. [ELABUTL-127]
        : Undriven bits of port 'A' of instance 'rem_35_38' of module 'remainder_unsigned_73_108' in file 'synthesised_netlist.v' on line 268, column 30, hid = 0.
Warning : Undriven module input port. [ELABUTL-127]
        : Undriven bits of port 'B' of instance 'rem_35_38' of module 'remainder_unsigned_73_108' in file 'synthesised_netlist.v' on line 267, column 38, hid = 0.
Info    : Done Elaborating Design. [ELAB-3]
        : Done elaborating 'alarm_mt251'.
Checking for analog nets...
Check completed for analog nets.
Checking for source RTL...
Check completed for source RTL.
Statistics for commands executed by read_sdc:
 "all_outputs"              - successful      1 , failed      0 (runtime  0.00)
 "all_registers"            - successful      1 , failed      0 (runtime  0.00)
 "create_clock"             - successful      1 , failed      0 (runtime  0.00)
 "get_clocks"               - successful      1 , failed      0 (runtime  0.00)
 "get_ports"                - successful      4 , failed      0 (runtime  0.00)
 "set_clock_uncertainty"    - successful      1 , failed      0 (runtime  0.00)
 "set_drive"                - successful      1 , failed      0 (runtime  0.00)
 "set_false_path"           - successful      2 , failed      0 (runtime  0.00)
 "set_input_delay"          - successful      1 , failed      0 (runtime  0.00)
 "set_load"                 - successful      1 , failed      0 (runtime  0.00)
 "set_output_delay"         - successful      1 , failed      0 (runtime  0.00)
Total runtime 0.0
============================================================
  Generated by:           Genus(TM) Synthesis Solution 19.13-s073_1
  Generated on:           Oct 13 2025  10:06:39 pm
  Module:                 alarm_mt251
  Technology library:     slow 
  Operating conditions:   slow (balanced_tree)
  Wireload mode:          enclosed
  Area mode:              timing library
============================================================

-------------------------------------------------------------------------------
Timing exceptions with no effect

The following timing exceptions are not currently affecting timing in the       
design.  Either no paths in the design satisfy the exception's path             
specification, or all paths that satisfy the path specification also satisfy an 
exception with a higher priority.  You can improve runtime and memory usage by  
removing these exceptions if they are not truly needed.  To see if there is a   
path in the design that satisfies the path specification for an exception, or   
to see what other exception is overriding an exception because of priority, use 
the command:                                                                    
  report timing -paths [eval [::legacy::get_attribute paths <exception>]]

/designs/alarm_mt251/timing/exceptions/path_disables/besttiming.sdc_line_26
/designs/alarm_mt251/timing/exceptions/path_disables/besttiming.sdc_line_27
-------------------------------------------------------------------------------

-------------------------------------------------------------------------------
Inputs without clocked external delays

The following primary inputs have no clocked external delays.  As a result the  
timing paths leading from the ports have no timing constraints derived from     
clock waveforms.  The'external_delay' command is used to create new external    
delays.                                                                         

/designs/alarm_mt251/ports_in/btn_c_nm30
/designs/alarm_mt251/ports_in/btn_s_cs11
/designs/alarm_mt251/ports_in/rst_rp38
-------------------------------------------------------------------------------

-------------------------------------------------------------------------------
Inputs without external driver/transition

The following primary inputs have no external driver or input transition set.   
As a result the transition on the ports will be assumed as zero. The            
'external_driver' attribute is used to add and external driver or the           
'fixed_slew' attribute to add an external transition.                           

/designs/alarm_mt251/ports_in/btn_c_nm30
/designs/alarm_mt251/ports_in/btn_s_cs11
/designs/alarm_mt251/ports_in/en_a0_pb34
  ... 16 other warnings in this category.
 Use the -verbose option for more details.
-------------------------------------------------------------------------------


Lint summary
 Unconnected/logic driven clocks                                  0
 Sequential data pins driven by a clock signal                    0
 Sequential clock pins without clock waveform                     0
 Sequential clock pins with multiple clock waveforms              0
 Generated clocks without clock waveform                          0
 Generated clocks with incompatible options                       0
 Generated clocks with multi-master clock                         0
 Paths constrained with different clocks                          0
 Loop-breaking cells for combinational feedback                   0
 Nets with multiple drivers                                       0
 Timing exceptions with no effect                                 2
 Suspicious multi_cycle exceptions                                0
 Pins/ports with conflicting case constants                       0
 Inputs without clocked external delays                           3
 Outputs without clocked external delays                          0
 Inputs without external driver/transition                       19
 Outputs without external load                                    0
 Exceptions with invalid timing start-/endpoints                  0

                                                  Total:         24

  Setting attribute of root '/': 'dft_scan_style' = muxed_scan

Design Name
===========
    alarm_mt251

Scan Style
==========
    muxed_scan
DFT rule check status is not available. Need to (re)run check_dft_rules

Global Constraints
==================
    Minimum number of scan chains: no_value
    Maximum length of scan chains: no_value
    Lock-up element type: preferred_level_sensitive
    Mix clock edges in scan chain: false
    Prefix for unnamed scan objects: DFT_

Test signal objects
===================
    shift_enable: 
          object name: scan_en 
          pin name: scan_en 
          hookup_pin: scan_en 
          hookup_polarity: non_inverted 
          function: shift_enable 
          active: high 
          ideal: false 
          user defined: true

    test_mode: 
          object name: test_mode 
          pin name: test_mode 
          hookup_pin: test_mode 
          hookup_polarity: non_inverted 
          function: test_mode 
          active: high 
          ideal: false 
          user defined: true


Test clock objects
==================
Reporting all test clocks as TDRC status is not available
    test_clock:
          object name: clk_pb34 
          test_clock_domain: clk_pb34 
          user defined: true 
          source: clk_pb34  
          root source: clk_pb34  
          root source polarity: non_inverting
          hookup_pin: clk_pb34 
          period: 50000.0


DFT controllable objects
========================

DFT don't scan objects
======================

DFT abstract don't scan objects
===============================

DFT scan segment constraints
============================

DFT scan chain constraints
==========================

DFT actual scan chains
======================
  Checking DFT rules for 'alarm_mt251' module under 'muxed_scan' style

Detected 0 DFT rule violation(s)
    ... see the log file for more details
  Number of user specified non-Scan registers:   0
      Number of registers that fail DFT rules:   0
      Number of registers that pass DFT rules: 112
  Percentage of total registers that are scannable: 100%
Warning : Cannot fix violation. [DFT-313]
        : Did not find any clock or asynchronous violations to fix.
        : The current version of the tool cannot fix violations reported for shift registers or potential race condition violations or violations reported for the test mode signal, clock or other clock of abstract segments.
Warning : This command will be obsolete in a next major release. [TUI-37]
        : command: 'synthesize'
        : The synthesize command is obsolete. Use the syn_gen, syn_map or syn_opt commands instead.
Info    : Mapping. [SYNTH-4]
        : Mapping 'alarm_mt251' using 'medium' effort.
Mapper: Libraries have:
	domain _default_: 324 combo usable cells and 128 sequential usable cells
Multi-threaded constant propagation [1|0] ...
Multi-threaded Virtual Mapping    (8 threads per ST process, 8 of 72 CPUs usable)
==================================
Stage : first_condense 
==================================
  =================
   Message Summary
  =================
--------------------------------------------------------------------------------
|     Id      |  Sev   |Count |                 Message Text                   |
--------------------------------------------------------------------------------
| CDFG-500    |Info    |    5 |Unused module input port.                       |
|             |        |      |In port definition within the module, the input |
|             |        |      | port is not used in any assignment statements  |
|             |        |      | or conditional expressions for decision        |
|             |        |      | statements.                                    |
| DFT-100     |Info    |    5 |Added DFT object.                               |
| DFT-130     |Info    |    2 |Created DFT port.                               |
|             |        |      |A port for DFT purposes was created.            |
| DFT-303     |Info    |    1 |Auto detection of Async control signal. By      |
|             |        |      | default, all Async set and reset control       |
|             |        |      | signals of flops are identified automatically  |
|             |        |      | and an automatically generated test signal is  |
|             |        |      | added to the DFT setup, if no test signal is   |
|             |        |      | defined for them, yet.                         |
|             |        |      |If you do not want Async set and reset signals  |
|             |        |      | to be defined as test signals automatically,   |
|             |        |      | set the attribute dft_identify_test_signals to |
|             |        |      | false.                                         |
| DFT-313     |Warning |    1 |Cannot fix violation.                           |
|             |        |      |The current version of the tool cannot fix      |
|             |        |      | violations reported for shift registers or     |
|             |        |      | potential race condition violations or         |
|             |        |      | violations reported for the test mode signal,  |
|             |        |      | clock or other clock of abstract segments.     |
| ELAB-1      |Info    |    1 |Elaborating Design.                             |
| ELAB-2      |Info    |    5 |Elaborating Subdesign.                          |
| ELAB-3      |Info    |    1 |Done Elaborating Design.                        |
| ELABUTL-123 |Warning |    5 |Undriven module output port.                    |
| ELABUTL-127 |Warning |    9 |Undriven module input port.                     |
|             |        |      |Run check_design to check 'Undriven Port(s)     |
|             |        |      | /Pin(s)                                        |
|             |        |      | ' section for all undriven module input ports. |
|             |        |      | It is better to double confirm with designer   |
|             |        |      | if these undriven ports are expected. During   |
|             |        |      | syn_gen the undriven ports are controlled by   |
|             |        |      | attribute 'hdl_unconnected_value', the default |
|             |        |      | value is 0.                                    |
| LBR-41      |Info    |    1 |An output library pin lacks a function          |
|             |        |      | attribute.                                     |
|             |        |      |If the remainder of this library cell's         |
|             |        |      | semantic checks are successful, it will be     |
|             |        |      | considered as a timing-model                   |
|             |        |      | (because one of its outputs does not have a va |
|             |        |      | lid function.                                  |
| LBR-76      |Warning |   16 |Detected both combinational and sequential      |
|             |        |      | timing arcs in a library cell. This might      |
|             |        |      | prevent the tool from using this cell for      |
|             |        |      | technology mapping. The tool will treat it as  |
|             |        |      | unusable.                                      |
|             |        |      |The library cell will be treated as a           |
|             |        |      | timing-model. Make sure that the timing arcs   |
|             |        |      | and output function are defined correctly.     |
|             |        |      | Even if the cell intends to have               |
|             |        |      | dual-functionality, it cannot be unmapped or   |
|             |        |      | automatically inferred.                        |
| LBR-155     |Info    |  372 |Mismatch in unateness between 'timing_sense'    |
|             |        |      | attribute and the function.                    |
|             |        |      |The 'timing_sense' attribute will be respected. |
| LBR-161     |Info    |    1 |Setting the maximum print count of this message |
|             |        |      | to 10 if information_level is less than 9.     |
| LBR-162     |Info    |  124 |Both 'pos_unate' and 'neg_unate' timing_sense   |
|             |        |      | arcs have been processed.                      |
|             |        |      |Setting the 'timing_sense' to non_unate.        |
| LBR-170     |Info    |   32 |Ignoring specified timing sense.                |
|             |        |      |Timing sense should never be set with           |
|             |        |      | 'rising_edge' or 'falling_edge' timing type.   |
| LBR-412     |Info    |    1 |Created nominal operating condition.            |
|             |        |      |The nominal operating condition is represented, |
|             |        |      | either by the nominal PVT values specified in  |
|             |        |      | the library source                             |
|             |        |      | (via nom_process,nom_voltage and nom_temperatu |
|             |        |      | re respectively)                               |
|             |        |      | , or by the default PVT values (1.0,1.0,1.0).  |
| LBR-516     |Info    |    1 |Missing library level attribute.                |
| LBR-518     |Info    |    1 |Missing a function attribute in the output pin  |
|             |        |      | definition.                                    |
| SYNTH-4     |Info    |    1 |Mapping.                                        |
| TUI-31      |Warning |    2 |Obsolete command.                               |
|             |        |      |This command is no longer supported.            |
| TUI-32      |Warning |    1 |This attribute will be obsolete in a next major |
|             |        |      | release.                                       |
| TUI-37      |Warning |    1 |This command will be obsolete in a next major   |
|             |        |      | release.                                       |
|             |        |      |The synthesize command is obsolete. Use the     |
|             |        |      | syn_gen, syn_map or syn_opt commands instead.  |
--------------------------------------------------------------------------------
 
Global mapping target info
==========================
Cost Group 'clk_pb34' target slack:   290 ps
Target path end-point (Pin: h1_rp38_reg[2]/d)

Multi-threaded Technology Mapping (8 threads per ST process, 8 of 72 CPUs usable)
 
Global mapping status
=====================
                                   Group   
                                  Tot Wrst 
                           Total  Weighted 
Operation                   Area   Slacks  
 global_map                 4915        0 

    Cost Group            Target    Slack    Diff.  Constr.
-----------------------------------------------------------
      clk_pb34               290     5834             10000 

 
Global incremental target info
==============================
Cost Group 'clk_pb34' target slack:   192 ps
Target path end-point (Pin: h1_rp38_reg[3]/D (SDFFRHQX1/D))

==================================
Stage : global_incr_map 
==================================
  =================
   Message Summary
  =================
---------------------------------------------------------------------
|  Id  |Sev  |Count |                 Message Text                  |
---------------------------------------------------------------------
| PA-7 |Info |   14 |Resetting power analysis results.              |
|      |     |      |All computed switching activities are removed. |
---------------------------------------------------------------------
 
Global incremental optimization status
======================================
                                   Group   
                                  Tot Wrst 
                           Total  Weighted 
Operation                   Area   Slacks  
 global_incr                4890        0 

    Cost Group            Target    Slack    Diff.  Constr.
-----------------------------------------------------------
      clk_pb34               192     5830             10000 

 
Scan synthesis status
=====================
                                   Group   
                                  Tot Wrst 
                           Total  Weighted 
Operation                   Area   Slacks  
 scan_map                   4890        0 

State Retention Synthesis Status
================================

Category                        Flops   Percentage
--------------------------------------------------
Total instances                   112        100.0
Excluded from State Retention     112        100.0
    - Will not convert            112        100.0
      - Preserved                   0          0.0
      - Power intent excluded     112        100.0
    - Could not convert             0          0.0
      - Scan type                   0          0.0
      - No suitable cell            0          0.0
State Retention instances           0          0.0
--------------------------------------------------

Info    : Done mapping. [SYNTH-5]
        : Done mapping 'alarm_mt251'.
Info    : Incrementally optimizing. [SYNTH-7]
        : Incrementally optimizing 'alarm_mt251' using 'medium' effort.
 
Incremental optimization status
===============================
                                   Group   
                                  Tot Wrst     Total DRC Total
                           Total  Weighted      Neg       Max 
Operation                   Area   Slacks      Slack      Cap 
 init_iopt                  4143        0         0         0
-------------------------------------------------------------------------------
 const_prop                 4143        0         0         0
 
Incremental optimization status
===============================
                                   Group   
                                  Tot Wrst     Total DRC Total
                           Total  Weighted      Neg       Max 
Operation                   Area   Slacks      Slack      Cap 
 init_delay                 4143        0         0         0

           Trick     Calls     Accepts   Attempts    Time(secs) 
-----------------------------------------------------------
       crit_upsz         0  (        0 /        0 )  0.00
    plc_bal_star         0  (        0 /        0 )  0.00
     drc_buftimb         0  (        0 /        0 )  0.00
          plc_st         0  (        0 /        0 )  0.00
    plc_st_fence         0  (        0 /        0 )  0.00
        plc_star         0  (        0 /        0 )  0.00
      plc_laf_st         0  (        0 /        0 )  0.00
 plc_laf_st_fence         0  (        0 /        0 )  0.00
     drc_buftims         0  (        0 /        0 )  0.00
   plc_laf_lo_st         0  (        0 /        0 )  0.00
       plc_lo_st         0  (        0 /        0 )  0.00
            fopt         0  (        0 /        0 )  0.00
       crit_dnsz         0  (        0 /        0 )  0.00
             dup         0  (        0 /        0 )  0.00
            fopt         0  (        0 /        0 )  0.00
        setup_dn         0  (        0 /        0 )  0.00
         buf2inv         0  (        0 /        0 )  0.00
        mb_split         0  (        0 /        0 )  0.00
             exp         0  (        0 /        0 )  0.00
       gate_deco         0  (        0 /        0 )  0.00
       gcomp_tim         0  (        0 /        0 )  0.00
  inv_pair_2_buf         0  (        0 /        0 )  0.00

 init_drc                   4143        0         0         0

           Trick     Calls     Accepts   Attempts    Time(secs) 
-----------------------------------------------------------
          plc_st         0  (        0 /        0 )  0.00
        plc_star         0  (        0 /        0 )  0.00
        drc_bufs         0  (        0 /        0 )  0.00
        drc_fopt         0  (        0 /        0 )  0.00
        drc_bufb         0  (        0 /        0 )  0.00
      simple_buf         0  (        0 /        0 )  0.00
             dup         0  (        0 /        0 )  0.00
       crit_dnsz         0  (        0 /        0 )  0.00
       crit_upsz         0  (        0 /        0 )  0.00


           Trick     Calls     Accepts   Attempts    Time(secs) 
-----------------------------------------------------------
          plc_st         0  (        0 /        0 )  0.00
        plc_star         0  (        0 /        0 )  0.00
      drc_buf_sp         0  (        0 /        0 )  0.00
        drc_bufs         0  (        0 /        0 )  0.00
        drc_fopt         0  (        0 /        0 )  0.00
        drc_bufb         0  (        0 /        0 )  0.00
      simple_buf         0  (        0 /        0 )  0.00
             dup         0  (        0 /        0 )  0.00
       crit_dnsz         0  (        0 /        0 )  0.00
       crit_upsz         0  (        0 /        0 )  0.00


           Trick     Calls     Accepts   Attempts    Time(secs) 
-----------------------------------------------------------
          plc_st         0  (        0 /        0 )  0.00
        plc_star         0  (        0 /        0 )  0.00
      drc_buf_sp         0  (        0 /        0 )  0.00
        drc_bufs         0  (        0 /        0 )  0.00
        drc_fopt         0  (        0 /        0 )  0.00
        drc_bufb         0  (        0 /        0 )  0.00
             dup         0  (        0 /        0 )  0.00
       crit_dnsz         0  (        0 /        0 )  0.00
       crit_upsz         0  (        0 /        0 )  0.00

 init_tns                   4143        0         0         0

           Trick     Calls     Accepts   Attempts    Time(secs) 
-----------------------------------------------------------
    plc_bal_star         0  (        0 /        0 )  0.00
     drc_buftimb         0  (        0 /        0 )  0.00
     drc_buftims         0  (        0 /        0 )  0.00
       crit_upsz         0  (        0 /        0 )  0.00
   plc_laf_lo_st         0  (        0 /        0 )  0.00
       plc_lo_st         0  (        0 /        0 )  0.00
            fopt         0  (        0 /        0 )  0.00
       crit_dnsz         0  (        0 /        0 )  0.00
             dup         0  (        0 /        0 )  0.00
        setup_dn         0  (        0 /        0 )  0.00
         buf2inv         0  (        0 /        0 )  0.00
        mb_split         0  (        0 /        0 )  0.00

 init_area                  4143        0         0         0
 merge_bi                   4136        0         0         0

           Trick     Calls     Accepts   Attempts    Time(secs) 
-----------------------------------------------------------
           undup         0  (        0 /        0 )  0.00
         rem_buf         0  (        0 /        0 )  0.00
         rem_inv         0  (        0 /        0 )  0.00
        merge_bi         3  (        3 /        3 )  0.01
      rem_inv_qb         0  (        0 /        0 )  0.00
        io_phase         0  (        0 /        0 )  0.00
       gate_comp        19  (        0 /        0 )  0.03
       gcomp_mog        10  (        0 /        0 )  0.02
       glob_area        14  (        0 /       14 )  0.00
       area_down         0  (        0 /        0 )  0.00
      size_n_buf         0  (        0 /        0 )  0.00
  gate_deco_area         0  (        0 /        0 )  0.00
         rem_buf         0  (        0 /        0 )  0.00
         rem_inv         0  (        0 /        0 )  0.00
        merge_bi         0  (        0 /        0 )  0.00
      rem_inv_qb         0  (        0 /        0 )  0.00

 
Incremental optimization status
===============================
                                   Group   
                                  Tot Wrst     Total DRC Total
                           Total  Weighted      Neg       Max 
Operation                   Area   Slacks      Slack      Cap 
 init_delay                 4136        0         0         0

           Trick     Calls     Accepts   Attempts    Time(secs) 
-----------------------------------------------------------
       crit_upsz         0  (        0 /        0 )  0.00
    plc_bal_star         0  (        0 /        0 )  0.00
     drc_buftimb         0  (        0 /        0 )  0.00
          plc_st         0  (        0 /        0 )  0.00
    plc_st_fence         0  (        0 /        0 )  0.00
        plc_star         0  (        0 /        0 )  0.00
      plc_laf_st         0  (        0 /        0 )  0.00
 plc_laf_st_fence         0  (        0 /        0 )  0.00
     drc_buftims         0  (        0 /        0 )  0.00
   plc_laf_lo_st         0  (        0 /        0 )  0.00
       plc_lo_st         0  (        0 /        0 )  0.00
            fopt         0  (        0 /        0 )  0.00
       crit_dnsz         0  (        0 /        0 )  0.00
             dup         0  (        0 /        0 )  0.00
            fopt         0  (        0 /        0 )  0.00
        setup_dn         0  (        0 /        0 )  0.00
         buf2inv         0  (        0 /        0 )  0.00
        mb_split         0  (        0 /        0 )  0.00
             exp         0  (        0 /        0 )  0.00
       gate_deco         0  (        0 /        0 )  0.00
       gcomp_tim         0  (        0 /        0 )  0.00
  inv_pair_2_buf         0  (        0 /        0 )  0.00

 init_drc                   4136        0         0         0

           Trick     Calls     Accepts   Attempts    Time(secs) 
-----------------------------------------------------------
          plc_st         0  (        0 /        0 )  0.00
        plc_star         0  (        0 /        0 )  0.00
        drc_bufs         0  (        0 /        0 )  0.00
        drc_fopt         0  (        0 /        0 )  0.00
        drc_bufb         0  (        0 /        0 )  0.00
      simple_buf         0  (        0 /        0 )  0.00
             dup         0  (        0 /        0 )  0.00
       crit_dnsz         0  (        0 /        0 )  0.00
       crit_upsz         0  (        0 /        0 )  0.00


           Trick     Calls     Accepts   Attempts    Time(secs) 
-----------------------------------------------------------
          plc_st         0  (        0 /        0 )  0.00
        plc_star         0  (        0 /        0 )  0.00
        drc_bufs         0  (        0 /        0 )  0.00
        drc_fopt         0  (        0 /        0 )  0.00
        drc_bufb         0  (        0 /        0 )  0.00
      simple_buf         0  (        0 /        0 )  0.00
             dup         0  (        0 /        0 )  0.00
       crit_dnsz         0  (        0 /        0 )  0.00
       crit_upsz         0  (        0 /        0 )  0.00


           Trick     Calls     Accepts   Attempts    Time(secs) 
-----------------------------------------------------------
          plc_st         0  (        0 /        0 )  0.00
        plc_star         0  (        0 /        0 )  0.00
        drc_bufs         0  (        0 /        0 )  0.00
        drc_fopt         0  (        0 /        0 )  0.00
        drc_bufb         0  (        0 /        0 )  0.00
             dup         0  (        0 /        0 )  0.00
       crit_dnsz         0  (        0 /        0 )  0.00
       crit_upsz         0  (        0 /        0 )  0.00

 init_area                  4136        0         0         0

           Trick     Calls     Accepts   Attempts    Time(secs) 
-----------------------------------------------------------
           undup         0  (        0 /        0 )  0.00
         rem_buf         0  (        0 /        0 )  0.00
         rem_inv         0  (        0 /        0 )  0.00
        merge_bi         0  (        0 /        0 )  0.00
      rem_inv_qb         0  (        0 /        0 )  0.00
        io_phase         0  (        0 /        0 )  0.00
       gate_comp        19  (        0 /        0 )  0.03
       gcomp_mog        10  (        0 /        0 )  0.02
       glob_area        14  (        0 /       14 )  0.00
       area_down         0  (        0 /        0 )  0.00
      size_n_buf         0  (        0 /        0 )  0.00
  gate_deco_area         0  (        0 /        0 )  0.00

==================================
Stage : incr_opt 
==================================
  =================
   Message Summary
  =================
------------------------------------------------------------------------
|   Id    |Sev  |Count |                 Message Text                  |
------------------------------------------------------------------------
| PA-7    |Info |    2 |Resetting power analysis results.              |
|         |     |      |All computed switching activities are removed. |
| SYNTH-5 |Info |    1 |Done mapping.                                  |
| SYNTH-7 |Info |    1 |Incrementally optimizing.                      |
------------------------------------------------------------------------
Info    : Done incrementally optimizing. [SYNTH-8]
        : Done incrementally optimizing 'alarm_mt251'.
  Setting attribute of design 'alarm_mt251': 'dft_min_number_of_scan_chains' = 2
  Setting attribute of design 'alarm_mt251': 'dft_mix_clock_edges_in_scan_chains' = true
  Starting DFT Scan Configuration for module 'alarm_mt251' in 'normal' mode, with physical flow OFF 
Warning : Scan flop is mapped for non-DFT functional operation. It will not be considered for scan connection. [DFT-514]
        : a0e_cs11_reg
        : A scan flop mapped for non-DFT uses the scan pins (scan_enable, scan_input) for functional operation. To use the scan pins for Test, run the replace_scan command prior to building the scan chains. Each scan flop for non-DFT will be converted into a MUX plus a scan flop. Alternatively, to avoid mapping to scan flops for non-DFT, set the root level attribute 'use_scan_seqs_for_non_dft' to either 'true' or 'degenerated_scan' before mapping the design to gates using the 'syn_map' command.
Warning : Scan flop is mapped for non-DFT functional operation. It will not be considered for scan connection. [DFT-514]
        : a0h0_cs11_reg[0]
Warning : Scan flop is mapped for non-DFT functional operation. It will not be considered for scan connection. [DFT-514]
        : a0h0_cs11_reg[1]
Warning : Scan flop is mapped for non-DFT functional operation. It will not be considered for scan connection. [DFT-514]
        : a0h0_cs11_reg[2]
Warning : Scan flop is mapped for non-DFT functional operation. It will not be considered for scan connection. [DFT-514]
        : a0h0_cs11_reg[3]
Warning : Scan flop is mapped for non-DFT functional operation. It will not be considered for scan connection. [DFT-514]
        : a0h1_nm30_flop_reg[0]
Warning : Scan flop is mapped for non-DFT functional operation. It will not be considered for scan connection. [DFT-514]
        : a0h1_nm30_flop_reg[1]
Warning : Scan flop is mapped for non-DFT functional operation. It will not be considered for scan connection. [DFT-514]
        : a0h1_nm30_flop_reg[2]
Warning : Scan flop is mapped for non-DFT functional operation. It will not be considered for scan connection. [DFT-514]
        : a0m0_pb34_reg[0]
Warning : Scan flop is mapped for non-DFT functional operation. It will not be considered for scan connection. [DFT-514]
        : a0m0_pb34_reg[1]
Warning : Scan flop is mapped for non-DFT functional operation. It will not be considered for scan connection. [DFT-514]
        : a0m0_pb34_reg[2]
Warning : Scan flop is mapped for non-DFT functional operation. It will not be considered for scan connection. [DFT-514]
        : a0m0_pb34_reg[3]
Warning : Scan flop is mapped for non-DFT functional operation. It will not be considered for scan connection. [DFT-514]
        : a0m1_rp38_flop_reg[0]
Warning : Scan flop is mapped for non-DFT functional operation. It will not be considered for scan connection. [DFT-514]
        : a0m1_rp38_flop_reg[1]
Warning : Scan flop is mapped for non-DFT functional operation. It will not be considered for scan connection. [DFT-514]
        : a0m1_rp38_flop_reg[2]
Warning : Scan flop is mapped for non-DFT functional operation. It will not be considered for scan connection. [DFT-514]
        : a1e_nm30_reg
Warning : Scan flop is mapped for non-DFT functional operation. It will not be considered for scan connection. [DFT-514]
        : a1h0_cs11_reg[0]
Warning : Scan flop is mapped for non-DFT functional operation. It will not be considered for scan connection. [DFT-514]
        : a1h0_cs11_reg[1]
Warning : Scan flop is mapped for non-DFT functional operation. It will not be considered for scan connection. [DFT-514]
        : a1h0_cs11_reg[2]
Warning : Scan flop is mapped for non-DFT functional operation. It will not be considered for scan connection. [DFT-514]
        : a1h0_cs11_reg[3]
Warning : Scan flop is mapped for non-DFT functional operation. It will not be considered for scan connection. [DFT-514]
        : a1h1_nm30_flop_reg[0]
Warning : Scan flop is mapped for non-DFT functional operation. It will not be considered for scan connection. [DFT-514]
        : a1h1_nm30_flop_reg[1]
Warning : Scan flop is mapped for non-DFT functional operation. It will not be considered for scan connection. [DFT-514]
        : a1h1_nm30_flop_reg[2]
Warning : Scan flop is mapped for non-DFT functional operation. It will not be considered for scan connection. [DFT-514]
        : a1m0_pb34_reg[0]
Warning : Scan flop is mapped for non-DFT functional operation. It will not be considered for scan connection. [DFT-514]
        : a1m0_pb34_reg[1]
Warning : Scan flop is mapped for non-DFT functional operation. It will not be considered for scan connection. [DFT-514]
        : a1m0_pb34_reg[2]
Warning : Scan flop is mapped for non-DFT functional operation. It will not be considered for scan connection. [DFT-514]
        : a1m0_pb34_reg[3]
Warning : Scan flop is mapped for non-DFT functional operation. It will not be considered for scan connection. [DFT-514]
        : a1m1_rp38_flop_reg[0]
Warning : Scan flop is mapped for non-DFT functional operation. It will not be considered for scan connection. [DFT-514]
        : a1m1_rp38_flop_reg[1]
Warning : Scan flop is mapped for non-DFT functional operation. It will not be considered for scan connection. [DFT-514]
        : a1m1_rp38_flop_reg[2]
Warning : Scan flop is mapped for non-DFT functional operation. It will not be considered for scan connection. [DFT-514]
        : bz_pb34_reg
Warning : Scan flop is mapped for non-DFT functional operation. It will not be considered for scan connection. [DFT-514]
        : d0_pb34_reg[0]
Warning : Scan flop is mapped for non-DFT functional operation. It will not be considered for scan connection. [DFT-514]
        : d0_pb34_reg[1]
Warning : Scan flop is mapped for non-DFT functional operation. It will not be considered for scan connection. [DFT-514]
        : d0_pb34_reg[2]
Warning : Scan flop is mapped for non-DFT functional operation. It will not be considered for scan connection. [DFT-514]
        : d0_pb34_reg[3]
Warning : Scan flop is mapped for non-DFT functional operation. It will not be considered for scan connection. [DFT-514]
        : d1_rp38_reg[0]
Warning : Scan flop is mapped for non-DFT functional operation. It will not be considered for scan connection. [DFT-514]
        : d1_rp38_reg[1]
Warning : Scan flop is mapped for non-DFT functional operation. It will not be considered for scan connection. [DFT-514]
        : d1_rp38_reg[2]
Warning : Scan flop is mapped for non-DFT functional operation. It will not be considered for scan connection. [DFT-514]
        : d1_rp38_reg[3]
Warning : Scan flop is mapped for non-DFT functional operation. It will not be considered for scan connection. [DFT-514]
        : d2_cs11_reg[0]
Warning : Scan flop is mapped for non-DFT functional operation. It will not be considered for scan connection. [DFT-514]
        : d2_cs11_reg[1]
Warning : Scan flop is mapped for non-DFT functional operation. It will not be considered for scan connection. [DFT-514]
        : d2_cs11_reg[2]
Warning : Scan flop is mapped for non-DFT functional operation. It will not be considered for scan connection. [DFT-514]
        : d2_cs11_reg[3]
Warning : Scan flop is mapped for non-DFT functional operation. It will not be considered for scan connection. [DFT-514]
        : d3_nm30_reg[0]
Warning : Scan flop is mapped for non-DFT functional operation. It will not be considered for scan connection. [DFT-514]
        : d3_nm30_reg[1]
Warning : Scan flop is mapped for non-DFT functional operation. It will not be considered for scan connection. [DFT-514]
        : d3_nm30_reg[2]
Warning : Scan flop is mapped for non-DFT functional operation. It will not be considered for scan connection. [DFT-514]
        : d3_nm30_reg[3]
Warning : Scan flop is mapped for non-DFT functional operation. It will not be considered for scan connection. [DFT-514]
        : h0_pb34_reg[1]
Warning : Scan flop is mapped for non-DFT functional operation. It will not be considered for scan connection. [DFT-514]
        : h1_rp38_reg[0]
Warning : Scan flop is mapped for non-DFT functional operation. It will not be considered for scan connection. [DFT-514]
        : h1_rp38_reg[3]
Warning : Scan flop is mapped for non-DFT functional operation. It will not be considered for scan connection. [DFT-514]
        : m0_cs11_reg[1]
Warning : Scan flop is mapped for non-DFT functional operation. It will not be considered for scan connection. [DFT-514]
        : m0_cs11_reg[2]
Warning : Scan flop is mapped for non-DFT functional operation. It will not be considered for scan connection. [DFT-514]
        : m1_nm30_reg[1]
Warning : Scan flop is mapped for non-DFT functional operation. It will not be considered for scan connection. [DFT-514]
        : m1_nm30_reg[2]
Warning : Scan flop is mapped for non-DFT functional operation. It will not be considered for scan connection. [DFT-514]
        : s0_pb34_reg[1]
Warning : Scan flop is mapped for non-DFT functional operation. It will not be considered for scan connection. [DFT-514]
        : s0_pb34_reg[2]
Warning : Scan flop is mapped for non-DFT functional operation. It will not be considered for scan connection. [DFT-514]
        : s1_rp38_reg[1]
Warning : Scan flop is mapped for non-DFT functional operation. It will not be considered for scan connection. [DFT-514]
        : snz_ctr_nm30_reg[0]
Warning : Scan flop is mapped for non-DFT functional operation. It will not be considered for scan connection. [DFT-514]
        : snz_ctr_nm30_reg[1]
Warning : Scan flop is mapped for non-DFT functional operation. It will not be considered for scan connection. [DFT-514]
        : snz_ctr_nm30_reg[2]
Warning : Scan flop is mapped for non-DFT functional operation. It will not be considered for scan connection. [DFT-514]
        : snz_ctr_nm30_reg[3]
Warning : Scan flop is mapped for non-DFT functional operation. It will not be considered for scan connection. [DFT-514]
        : snz_ctr_nm30_reg[4]
Warning : Scan flop is mapped for non-DFT functional operation. It will not be considered for scan connection. [DFT-514]
        : snz_ctr_nm30_reg[5]
Warning : Scan flop is mapped for non-DFT functional operation. It will not be considered for scan connection. [DFT-514]
        : snz_ctr_nm30_reg[6]
Warning : Scan flop is mapped for non-DFT functional operation. It will not be considered for scan connection. [DFT-514]
        : snz_ctr_nm30_reg[7]
Warning : Scan flop is mapped for non-DFT functional operation. It will not be considered for scan connection. [DFT-514]
        : snz_ctr_nm30_reg[8]
Warning : Scan flop is mapped for non-DFT functional operation. It will not be considered for scan connection. [DFT-514]
        : st_rp38_reg[0]
Warning : Scan flop is mapped for non-DFT functional operation. It will not be considered for scan connection. [DFT-514]
        : st_rp38_reg[1]
  Configuring 2 chains for 44 scan f/f 
  Configured 2 chains for Domain: 'clk_pb34', edge: 'mixed'
  	 AutoChain_1 (DFT_sdi_1 -> DFT_sdo_1) has 22 registers; Domain:clk_pb34, edge: mixed
  	 AutoChain_2 (DFT_sdi_2 -> DFT_sdo_2) has 22 registers; Domain:clk_pb34, edge: mixed
Processing 2 scan chains in 'muxed_scan' style.
Default shift enable signal is 'scan_en': '/designs/alarm_mt251/ports_in/scan_en' active high.
  Starting DFT Scan Configuration for module 'alarm_mt251' in 'normal' mode, with physical flow OFF 
Warning : Scan flop is mapped for non-DFT functional operation. It will not be considered for scan connection. [DFT-514]
        : a0e_cs11_reg
Warning : Scan flop is mapped for non-DFT functional operation. It will not be considered for scan connection. [DFT-514]
        : a0h0_cs11_reg[0]
Warning : Scan flop is mapped for non-DFT functional operation. It will not be considered for scan connection. [DFT-514]
        : a0h0_cs11_reg[1]
Warning : Scan flop is mapped for non-DFT functional operation. It will not be considered for scan connection. [DFT-514]
        : a0h0_cs11_reg[2]
Warning : Scan flop is mapped for non-DFT functional operation. It will not be considered for scan connection. [DFT-514]
        : a0h0_cs11_reg[3]
Warning : Scan flop is mapped for non-DFT functional operation. It will not be considered for scan connection. [DFT-514]
        : a0h1_nm30_flop_reg[0]
Warning : Scan flop is mapped for non-DFT functional operation. It will not be considered for scan connection. [DFT-514]
        : a0h1_nm30_flop_reg[1]
Warning : Scan flop is mapped for non-DFT functional operation. It will not be considered for scan connection. [DFT-514]
        : a0h1_nm30_flop_reg[2]
Warning : Scan flop is mapped for non-DFT functional operation. It will not be considered for scan connection. [DFT-514]
        : a0m0_pb34_reg[0]
Warning : Scan flop is mapped for non-DFT functional operation. It will not be considered for scan connection. [DFT-514]
        : a0m0_pb34_reg[1]
Warning : Scan flop is mapped for non-DFT functional operation. It will not be considered for scan connection. [DFT-514]
        : a0m0_pb34_reg[2]
Warning : Scan flop is mapped for non-DFT functional operation. It will not be considered for scan connection. [DFT-514]
        : a0m0_pb34_reg[3]
Warning : Scan flop is mapped for non-DFT functional operation. It will not be considered for scan connection. [DFT-514]
        : a0m1_rp38_flop_reg[0]
Warning : Scan flop is mapped for non-DFT functional operation. It will not be considered for scan connection. [DFT-514]
        : a0m1_rp38_flop_reg[1]
Warning : Scan flop is mapped for non-DFT functional operation. It will not be considered for scan connection. [DFT-514]
        : a0m1_rp38_flop_reg[2]
Warning : Scan flop is mapped for non-DFT functional operation. It will not be considered for scan connection. [DFT-514]
        : a1e_nm30_reg
Warning : Scan flop is mapped for non-DFT functional operation. It will not be considered for scan connection. [DFT-514]
        : a1h0_cs11_reg[0]
Warning : Scan flop is mapped for non-DFT functional operation. It will not be considered for scan connection. [DFT-514]
        : a1h0_cs11_reg[1]
Warning : Scan flop is mapped for non-DFT functional operation. It will not be considered for scan connection. [DFT-514]
        : a1h0_cs11_reg[2]
Warning : Scan flop is mapped for non-DFT functional operation. It will not be considered for scan connection. [DFT-514]
        : a1h0_cs11_reg[3]
Warning : Scan flop is mapped for non-DFT functional operation. It will not be considered for scan connection. [DFT-514]
        : a1h1_nm30_flop_reg[0]
Warning : Scan flop is mapped for non-DFT functional operation. It will not be considered for scan connection. [DFT-514]
        : a1h1_nm30_flop_reg[1]
Warning : Scan flop is mapped for non-DFT functional operation. It will not be considered for scan connection. [DFT-514]
        : a1h1_nm30_flop_reg[2]
Warning : Scan flop is mapped for non-DFT functional operation. It will not be considered for scan connection. [DFT-514]
        : a1m0_pb34_reg[0]
Warning : Scan flop is mapped for non-DFT functional operation. It will not be considered for scan connection. [DFT-514]
        : a1m0_pb34_reg[1]
Warning : Scan flop is mapped for non-DFT functional operation. It will not be considered for scan connection. [DFT-514]
        : a1m0_pb34_reg[2]
Warning : Scan flop is mapped for non-DFT functional operation. It will not be considered for scan connection. [DFT-514]
        : a1m0_pb34_reg[3]
Warning : Scan flop is mapped for non-DFT functional operation. It will not be considered for scan connection. [DFT-514]
        : a1m1_rp38_flop_reg[0]
Warning : Scan flop is mapped for non-DFT functional operation. It will not be considered for scan connection. [DFT-514]
        : a1m1_rp38_flop_reg[1]
Warning : Scan flop is mapped for non-DFT functional operation. It will not be considered for scan connection. [DFT-514]
        : a1m1_rp38_flop_reg[2]
Warning : Scan flop is mapped for non-DFT functional operation. It will not be considered for scan connection. [DFT-514]
        : bz_pb34_reg
Warning : Scan flop is mapped for non-DFT functional operation. It will not be considered for scan connection. [DFT-514]
        : d0_pb34_reg[0]
Warning : Scan flop is mapped for non-DFT functional operation. It will not be considered for scan connection. [DFT-514]
        : d0_pb34_reg[1]
Warning : Scan flop is mapped for non-DFT functional operation. It will not be considered for scan connection. [DFT-514]
        : d0_pb34_reg[2]
Warning : Scan flop is mapped for non-DFT functional operation. It will not be considered for scan connection. [DFT-514]
        : d0_pb34_reg[3]
Warning : Scan flop is mapped for non-DFT functional operation. It will not be considered for scan connection. [DFT-514]
        : d1_rp38_reg[0]
Warning : Scan flop is mapped for non-DFT functional operation. It will not be considered for scan connection. [DFT-514]
        : d1_rp38_reg[1]
Warning : Scan flop is mapped for non-DFT functional operation. It will not be considered for scan connection. [DFT-514]
        : d1_rp38_reg[2]
Warning : Scan flop is mapped for non-DFT functional operation. It will not be considered for scan connection. [DFT-514]
        : d1_rp38_reg[3]
Warning : Scan flop is mapped for non-DFT functional operation. It will not be considered for scan connection. [DFT-514]
        : d2_cs11_reg[0]
Warning : Scan flop is mapped for non-DFT functional operation. It will not be considered for scan connection. [DFT-514]
        : d2_cs11_reg[1]
Warning : Scan flop is mapped for non-DFT functional operation. It will not be considered for scan connection. [DFT-514]
        : d2_cs11_reg[2]
Warning : Scan flop is mapped for non-DFT functional operation. It will not be considered for scan connection. [DFT-514]
        : d2_cs11_reg[3]
Warning : Scan flop is mapped for non-DFT functional operation. It will not be considered for scan connection. [DFT-514]
        : d3_nm30_reg[0]
Warning : Scan flop is mapped for non-DFT functional operation. It will not be considered for scan connection. [DFT-514]
        : d3_nm30_reg[1]
Warning : Scan flop is mapped for non-DFT functional operation. It will not be considered for scan connection. [DFT-514]
        : d3_nm30_reg[2]
Warning : Scan flop is mapped for non-DFT functional operation. It will not be considered for scan connection. [DFT-514]
        : d3_nm30_reg[3]
Warning : Scan flop is mapped for non-DFT functional operation. It will not be considered for scan connection. [DFT-514]
        : h0_pb34_reg[1]
Warning : Scan flop is mapped for non-DFT functional operation. It will not be considered for scan connection. [DFT-514]
        : h1_rp38_reg[0]
Warning : Scan flop is mapped for non-DFT functional operation. It will not be considered for scan connection. [DFT-514]
        : h1_rp38_reg[3]
Warning : Scan flop is mapped for non-DFT functional operation. It will not be considered for scan connection. [DFT-514]
        : m0_cs11_reg[1]
Warning : Scan flop is mapped for non-DFT functional operation. It will not be considered for scan connection. [DFT-514]
        : m0_cs11_reg[2]
Warning : Scan flop is mapped for non-DFT functional operation. It will not be considered for scan connection. [DFT-514]
        : m1_nm30_reg[1]
Warning : Scan flop is mapped for non-DFT functional operation. It will not be considered for scan connection. [DFT-514]
        : m1_nm30_reg[2]
Warning : Scan flop is mapped for non-DFT functional operation. It will not be considered for scan connection. [DFT-514]
        : s0_pb34_reg[1]
Warning : Scan flop is mapped for non-DFT functional operation. It will not be considered for scan connection. [DFT-514]
        : s0_pb34_reg[2]
Warning : Scan flop is mapped for non-DFT functional operation. It will not be considered for scan connection. [DFT-514]
        : s1_rp38_reg[1]
Warning : Scan flop is mapped for non-DFT functional operation. It will not be considered for scan connection. [DFT-514]
        : snz_ctr_nm30_reg[0]
Warning : Scan flop is mapped for non-DFT functional operation. It will not be considered for scan connection. [DFT-514]
        : snz_ctr_nm30_reg[1]
Warning : Scan flop is mapped for non-DFT functional operation. It will not be considered for scan connection. [DFT-514]
        : snz_ctr_nm30_reg[2]
Warning : Scan flop is mapped for non-DFT functional operation. It will not be considered for scan connection. [DFT-514]
        : snz_ctr_nm30_reg[3]
Warning : Scan flop is mapped for non-DFT functional operation. It will not be considered for scan connection. [DFT-514]
        : snz_ctr_nm30_reg[4]
Warning : Scan flop is mapped for non-DFT functional operation. It will not be considered for scan connection. [DFT-514]
        : snz_ctr_nm30_reg[5]
Warning : Scan flop is mapped for non-DFT functional operation. It will not be considered for scan connection. [DFT-514]
        : snz_ctr_nm30_reg[6]
Warning : Scan flop is mapped for non-DFT functional operation. It will not be considered for scan connection. [DFT-514]
        : snz_ctr_nm30_reg[7]
Warning : Scan flop is mapped for non-DFT functional operation. It will not be considered for scan connection. [DFT-514]
        : snz_ctr_nm30_reg[8]
Warning : Scan flop is mapped for non-DFT functional operation. It will not be considered for scan connection. [DFT-514]
        : st_rp38_reg[0]
Warning : Scan flop is mapped for non-DFT functional operation. It will not be considered for scan connection. [DFT-514]
        : st_rp38_reg[1]
  Configuring 2 chains for 44 scan f/f 
  Configured 2 chains for Domain: 'clk_pb34', edge: 'mixed'
  	 AutoChain_1 (DFT_sdi_1 -> DFT_sdo_1) has 22 registers; Domain:clk_pb34, edge: mixed
  	 AutoChain_2 (DFT_sdi_2 -> DFT_sdo_2) has 22 registers; Domain:clk_pb34, edge: mixed
  Processing 2 scan chains in 'muxed_scan' style.
  Default shift enable signal is 'scan_en': '/designs/alarm_mt251/ports_in/scan_en' active high.
Mapping DFT logic introduced by scan chain connection...

Mapping DFT logic done.
============================================================
  Generated by:           Genus(TM) Synthesis Solution 19.13-s073_1
  Generated on:           Oct 13 2025  10:06:42 pm
  Module:                 alarm_mt251
  Technology library:     slow 
  Operating conditions:   slow (balanced_tree)
  Wireload mode:          enclosed
  Area mode:              timing library
============================================================

Timing
--------

  Clock   Period 
-----------------
clk_pb34 10000.0 


  Cost     Critical         Violating 
  Group   Path Slack  TNS     Paths   
--------------------------------------
clk_pb34      5829.5   0.0          0 
default     No paths   0.0            
--------------------------------------
Total                  0.0          0 

Instance Count
--------------
Leaf Instance Count             397 
Physical Instance count           0 
Sequential Instance Count       112 
Combinational Instance Count    285 
Hierarchical Instance Count       5 

Area
----
Cell Area                          4136.458
Physical Cell Area                 0.000
Total Cell Area (Cell+Physical)    4136.458
Net Area                           0.000
Total Area (Cell+Physical+Net)     4136.458

Max Fanout                         112 (clk_pb34)
Min Fanout                         0 (UNCONNECTED_HIER_Z)
Average Fanout                     2.6
Terms to net ratio                 3.6960
Terms to instance ratio            4.2267
Runtime                            9.196565 seconds
Elapsed Runtime                    19 seconds
Genus peak memory usage            1068.14 
Innovus peak memory usage          no_value 
Hostname                           localhost
Cadence Design Systems RC file: Cadence ATPG file(s) created successfully.
           Cadence Design Systems RC file: STIL output file created successfully.
Finished SDC export (command execution time mm:ss (real) = 00:00).
Warning : Timing problems have been detected in this design. [TIM-11]
        : The design is 'alarm_mt251'.
        : Use 'check_timing_intent' or 'report timing -lint' to report more information.
Info    : Joules engine is used. [RPT-16]
        : Joules engine is being used for the command report_power.
Info   : ACTP-0001 [ACTPInfo] Activity propagation started for stim#0 netlist
       : alarm_mt251
Info   : ACTP-0009 [ACTPInfo] Activity Propagation Progress Report :   0%   1%   2%   3%   4%   5%   6%   7%   8%   9%  10%  11%  12%  13%  14%  15%  16%  17%  18%  19%  20%  21%  22%  23%  24%  25%  26%  27%  28%  29%  30%  31%  32%  33%  34%  35%  36%  37%  38%  39%  40%  41%  42%  43%  44%  45%  46%  47%  48%  49%  50%  51%  52%  53%  54%  55%  56%  57%  58%  59%  60%  61%  62%  63%  64%  65%  66%  67%  68%  69%  70%  71%  72%  73%  74%  75%  76%  77%  78%  79%  80%  81%  82%  83%  84%  85%  86%  87%  88%  89%  90%  91%  92%  93%  94%  95%  96%  97%  98%  99% 100%
Info   : ACTP-0001 Activity propagation ended for stim#0
Info   : PWRA-0001 [PwrInfo] compute_power effective options 
       : -mode : vectorless
       : -skip_propagation : 1
       : -frequency_scaling_factor : 1.0
       : -use_clock_freq : stim
       : -compat : voltus
       : -stim :/stim#0
       : -fromGenus : 1
Info   : ACTP-0001 Timing initialization started
Info   : ACTP-0001 Timing initialization ended
Info   : PWRA-0002 [PwrInfo] Skipping activity propagation due to -skip_ap
       : option....
Warning: PWRA-0302 [PwrWarn] Frequency scaling is not applicable for vectorless
       : flow. Ignoring frequency scaling.
Info   : PWRA-0002 Voltus compat mode is set for power analysis.
Warning: PWRA-0304 [PwrWarn] -stim option is not applicable with vectorless mode
       : of power analysis, ignored this option.
Info   : PWRA-0002 Started 'vectorless' power computation.
Info   : PWRA-0009 [PwrInfo] Power Computation Progress Report :   0%   1%   2%   3%   4%   5%   6%   7%   8%   9%  10%  11%  12%  13%  14%  15%  16%  17%  18%  19%  20%  21%  22%  23%  24%  25%  26%  27%  28%  29%  30%  31%  32%  33%  34%  35%  36%  37%  38%  39%  40%  41%  42%  43%  44%  45%  46%  47%  48%  49%  50%  51%  52%  53%  54%  55%  56%  57%  58%  59%  60%  61%  62%  63%  64%  65%  66%  67%  68%  69%  70%  71%  72%  73%  74%  75%  76%  77%  78%  79%  80%  81%  82%  83%  84%  85%  86%  87%  88%  89%  90%  91%  92%  93%  94%  95%  96%  97%  98%  99% 100%
Info   : PWRA-0002 Finished power computation.
Info   : PWRA-0007 [PwrInfo] Completed successfully.
       : Info=9, Warn=2, Error=0, Fatal=0
Output file: dft_reportmasyresetoptimal50/synthesis_power_report.rep
Normal exit.