###############################################################
#  Generated by:      Cadence Tempus 20.10-p003_1
#  OS:                Linux x86_64(Host ID edatools-server2.iiitd.edu.in)
#  Generated on:      Mon Oct 13 14:52:56 2025
#  Design:            alarm_mt251
#  Command:           report_analysis_coverage > $report_dir/analysis_coverage.rpt
###############################################################
    -------------------------------------------------------------------------------------------  
                                   TIMING CHECK COVERAGE SUMMARY                                  
    -------------------------------------------------------------------------------------------  
     Check Type                      No. of   Met              Violated         Untested         
                                     Checks                                                      
    -------------------------------------------------------------------------------------------  
    ExternalDelay (Early)          17        17 (100%)        0 (0%)           0 (0%)
    ExternalDelay (Late)           17        17 (100%)        0 (0%)           0 (0%)
    Hold                           248       246 (99%)        0 (0%)           2 (0%)
    PulseWidth                     336       224 (66%)        0 (0%)           112 (33%)
    Recovery                       112       0 (0%)           0 (0%)           112 (100%)
    Removal                        112       0 (0%)           0 (0%)           112 (100%)
    Setup                          248       246 (99%)        0 (0%)           2 (0%)
    -------------------------------------------------------------------------------------------
