###############################################################
#  Generated by:      Cadence Tempus 20.10-p003_1
#  OS:                Linux x86_64(Host ID edatools-server2.iiitd.edu.in)
#  Generated on:      Mon Oct 13 17:52:28 2025
#  Design:            alarm_mt251
#  Command:           report_constraints -all_violators > sta_minarea/reports/allviolations.rpt
###############################################################
# format : frame 0 : split 1

max_delay/setup
---------------------------
No paths found

min_delay/hold
---------------------------
No paths found

Check type : clock_period
---------------------------
No paths found

Check type : skew
---------------------------
No paths found

Check type : pulse_width
---------------------------
 No violating Checks with given description found

Check type : max_transition
---------------------------
 No Violations found

Check type : min_transition
---------------------------
 No Violations found

Check type : max_capacitance
---------------------------
     ----------------------------------------------------------------------------  
      Pin Name               Required          Actual            Slack             
     ----------------------------------------------------------------------------  
     g1680/Y               0.082             0.483             -0.400

Check type : min_capacitance
---------------------------
 No Violations found

Check type : max_fanout
---------------------------
 No Violations found

Check type : min_fanout
---------------------------
 No Violations found
