###############################################################
#  Generated by:      Cadence Tempus 20.10-p003_1
#  OS:                Linux x86_64(Host ID edatools-server2.iiitd.edu.in)
#  Generated on:      Mon Oct 13 17:56:47 2025
#  Design:            alarm_mt251
#  Command:           report_constraints -all_violators > sta_besttiming/reports/allviolations.rpt
###############################################################
# format : frame 0 : split 1

max_delay/setup
---------------------------
      ------------------------------------------------------------------------------------------------  
       End Point                                  Slack      Cause                                      
      ------------------------------------------------------------------------------------------------  
      h1_rp38_reg[3]/D r                         -2.124     VIOLATED
      h1_rp38_reg[3]/SI f                        -2.055     VIOLATED
      h1_rp38_reg[2]/D f                         -2.045     VIOLATED
      h1_rp38_reg[1]/D r                         -1.963     VIOLATED
      h0_pb34_reg[3]/D r                         -1.867     VIOLATED
      h0_pb34_reg[2]/D r                         -1.821     VIOLATED
      h1_rp38_reg[0]/SE r                        -1.747     VIOLATED
      h0_pb34_reg[1]/D r                         -1.679     VIOLATED
      h0_pb34_reg[0]/D f                         -1.357     VIOLATED
      h0_pb34_reg[1]/SI f                        -1.343     VIOLATED
      m1_nm30_reg[3]/D r                         -1.285     VIOLATED
      m1_nm30_reg[2]/D r                         -1.225     VIOLATED
      st_rp38_reg[1]/SE f                        -1.206     VIOLATED
      st_rp38_reg[0]/SE f                        -1.206     VIOLATED
      m1_nm30_reg[1]/D r                         -1.115     VIOLATED
      m1_nm30_reg[2]/SI f                        -1.035     VIOLATED
      m0_cs11_reg[3]/D r                         -1.005     VIOLATED
      m1_nm30_reg[0]/D f                         -0.932     VIOLATED
      m1_nm30_reg[1]/SI f                        -0.917     VIOLATED
      snz_ctr_nm30_reg[8]/SE r                   -0.800     VIOLATED
      snz_ctr_nm30_reg[7]/SE r                   -0.800     VIOLATED
      snz_ctr_nm30_reg[6]/SE r                   -0.800     VIOLATED
      snz_ctr_nm30_reg[5]/SE r                   -0.800     VIOLATED
      snz_ctr_nm30_reg[4]/SE r                   -0.800     VIOLATED
      snz_ctr_nm30_reg[3]/SE r                   -0.800     VIOLATED
      snz_ctr_nm30_reg[2]/SE r                   -0.800     VIOLATED
      snz_ctr_nm30_reg[1]/SE r                   -0.800     VIOLATED
      snz_ctr_nm30_reg[0]/SE r                   -0.800     VIOLATED
      m0_cs11_reg[2]/SE r                        -0.757     VIOLATED
      m0_cs11_reg[1]/D r                         -0.676     VIOLATED
      m0_cs11_reg[0]/D f                         -0.493     VIOLATED
      m0_cs11_reg[1]/SI f                        -0.473     VIOLATED
      div1_pb34_reg[15]/D f                      -0.418     VIOLATED
      a1m0_pb34_reg[3]/SI r                      -0.406     VIOLATED
      a1h0_cs11_reg[3]/SI r                      -0.406     VIOLATED
      a0m0_pb34_reg[3]/SI r                      -0.406     VIOLATED
      a0h0_cs11_reg[3]/SI r                      -0.406     VIOLATED
      a1m0_pb34_reg[2]/SI r                      -0.392     VIOLATED
      a1h0_cs11_reg[2]/SI r                      -0.392     VIOLATED
      a0m0_pb34_reg[2]/SI r                      -0.392     VIOLATED
      a0h0_cs11_reg[2]/SI r                      -0.392     VIOLATED
      div1_pb34_reg[14]/D f                      -0.369     VIOLATED
      s1_rp38_reg[3]/D f                         -0.346     VIOLATED
      div1_pb34_reg[11]/D f                      -0.345     VIOLATED
      div1_pb34_reg[19]/D f                      -0.325     VIOLATED
      div1_pb34_reg[10]/D f                      -0.296     VIOLATED
      t1_cs11_reg/D r                            -0.291     VIOLATED
      a1m0_pb34_reg[1]/SI r                      -0.279     VIOLATED
      a1h0_cs11_reg[1]/SI r                      -0.279     VIOLATED
      a0m0_pb34_reg[1]/SI r                      -0.279     VIOLATED
      a0h0_cs11_reg[1]/SI r                      -0.279     VIOLATED
      div1_pb34_reg[18]/D f                      -0.276     VIOLATED
      div1_pb34_reg[17]/D f                      -0.250     VIOLATED
      div1_pb34_reg[16]/D f                      -0.250     VIOLATED
      div1_pb34_reg[13]/D f                      -0.250     VIOLATED
      div1_pb34_reg[12]/D f                      -0.250     VIOLATED
      div1_pb34_reg[9]/D f                       -0.250     VIOLATED
      s1_rp38_reg[2]/D r                         -0.236     VIOLATED
      snz_ctr_nm30_reg[8]/D r                    -0.140     VIOLATED
      s1_rp38_reg[1]/SE f                        -0.061     VIOLATED
      s1_rp38_reg[0]/D f                         -0.002     VIOLATED
      ------------------------------------------------------------------------------------------------

min_delay/hold
---------------------------
No paths found

Check type : clock_period
---------------------------
No paths found

Check type : skew
---------------------------
No paths found

Check type : pulse_width
---------------------------
 No violating Checks with given description found

Check type : max_transition
---------------------------
 No Violations found

Check type : min_transition
---------------------------
 No Violations found

Check type : max_capacitance
---------------------------
     ----------------------------------------------------------------------------  
      Pin Name               Required          Actual            Slack             
     ----------------------------------------------------------------------------  
     g1680/Y               0.082             0.483             -0.400

Check type : min_capacitance
---------------------------
 No Violations found

Check type : max_fanout
---------------------------
 No Violations found

Check type : min_fanout
---------------------------
 No Violations found
