###############################################################
#  Generated by:      Cadence Tempus 20.10-p003_1
#  OS:                Linux x86_64(Host ID edatools-server2.iiitd.edu.in)
#  Generated on:      Mon Oct 13 17:56:47 2025
#  Design:            alarm_mt251
#  Command:           report_timing > $report_dir/timing_report.rpt
###############################################################
Path 1: VIOLATED Setup Check with Pin h1_rp38_reg[3]/CK 
Endpoint:   h1_rp38_reg[3]/D (^) checked with  leading edge of 'clk_pb34'
Beginpoint: t1_cs11_reg/Q    (^) triggered by  leading edge of 'clk_pb34'
Path Groups: {clk_pb34}
Other End Arrival Time          0.000
- Setup                         0.281
+ Phase Shift                   2.000
- Uncertainty                   0.050
= Required Time                 1.669
- Arrival Time                  3.792
= Slack Time                   -2.124
     Clock Rise Edge                 0.000
     + Clock Network Latency (Ideal) 0.000
     = Beginpoint Arrival Time       0.000
      ----------------------------------------------------------------
      Instance        Arc          Cell       Delay  Arrival  Required  
                                                     Time     Time  
      ----------------------------------------------------------------
      t1_cs11_reg     CK ^         -          -      0.000    -2.124  
      t1_cs11_reg     CK ^ -> Q ^  DFFRX1     0.845  0.845    -1.279  
      g6946           A ^ -> Y v   NAND2XL    0.357  1.202    -0.921  
      g6903           C v -> Y ^   NOR3BX1    0.192  1.394    -0.729  
      g6897           B ^ -> Y v   NAND2XL    0.290  1.685    -0.439  
      g6888           C v -> Y ^   NOR3X1     0.215  1.900    -0.224  
      g6876           B ^ -> Y v   NAND2XL    0.291  2.191    0.067  
      g6859           C v -> Y ^   NOR3BX1    0.182  2.373    0.250  
      g6857           B ^ -> Y v   NAND2XL    0.265  2.638    0.515  
      g6844           C v -> Y ^   NOR3BX1    0.176  2.815    0.691  
      g6841           B ^ -> Y v   NAND2XL    0.253  3.068    0.944  
      g6825           D v -> Y ^   NOR4X1     0.354  3.422    1.298  
      g6820           C ^ -> Y v   NAND3X1    0.168  3.590    1.467  
      g6817           B v -> Y ^   NOR2XL     0.202  3.792    1.669  
      h1_rp38_reg[3]  D ^          SDFFRHQX1  0.000  3.792    1.669  
      ----------------------------------------------------------------

